1492158438924	geckodriver	INFO	Listening on 127.0.0.1:18304
1492158440779	mozprofile::profile	INFO	Using profile path C:\Users\huke\AppData\Local\Temp\rust_mozprofile.nZXfstobOpU8
1492158440784	geckodriver::marionette	INFO	Starting browser C:\Program Files (x86)\Mozilla Firefox\firefox.exe with args []
1492158441011	geckodriver::marionette	INFO	Connecting to Marionette on localhost:18310
1492158443616	Marionette	INFO	Listening on port 18310
1492158444960	Marionette	WARN	TLS certificate errors will be ignored for this session
1492158474804	Marionette	INFO	New connections will no longer be accepted
[Child 15820] ###!!! ABORT: Aborting on channel error.: file c:/builds/moz2_slave/m-rel-w32-00000000000000000000/build/src/ipc/glue/MessageChannel.cpp, line 2143
1492158484394	geckodriver	INFO	Listening on 127.0.0.1:18355
1492158486218	mozprofile::profile	INFO	Using profile path C:\Users\huke\AppData\Local\Temp\rust_mozprofile.QeKZIUIVA77h
1492158486222	geckodriver::marionette	INFO	Starting browser C:\Program Files (x86)\Mozilla Firefox\firefox.exe with args []
1492158486325	geckodriver::marionette	INFO	Connecting to Marionette on localhost:18363
1492158488923	Marionette	INFO	Listening on port 18363
1492158490259	Marionette	WARN	TLS certificate errors will be ignored for this session
1492158934883	addons.xpi	WARN	Failed to remove temporary file C:\Users\huke\AppData\Local\Temp\tmp-sbd.xpi for addon https://addons.mozilla.org/firefox/downloads/file/566309/tab_mix_plus-0.5.0.2-fx.xpi?src=api: [Exception... "Component returned failure code: 0x80520015 (NS_ERROR_FILE_ACCESS_DENIED) [nsIFile.remove]"  nsresult: "0x80520015 (NS_ERROR_FILE_ACCESS_DENIED)"  location: "JS frame :: resource://gre/modules/addons/XPIProvider.jsm :: removeTemporaryFile :: line 5525"  data: no] Stack trace: removeTemporaryFile()@resource://gre/modules/addons/XPIProvider.jsm:5525 < startInstall/<()@resource://gre/modules/addons/XPIProvider.jsm:5954 < Handler.prototype.process()@resource://gre/modules/Promise.jsm -> resource://gre/modules/Promise-backend.js:932 < this.PromiseWalker.walkerLoop()@resource://gre/modules/Promise.jsm -> resource://gre/modules/Promise-backend.js:813 < this.PromiseWalker.scheduleWalkerLoop/<()@resource://gre/modules/Promise.jsm -> resource://gre/modules/Promise-backend.js:747
JavaScript error: resource://gre/modules/services-sync/engines/history.js, line 75: TypeError: stmt.finalize is not a function
[Child 13764] WARNING: pipe error: 109: file c:/builds/moz2_slave/m-rel-w32-00000000000000000000/build/src/ipc/chromium/src/chrome/common/ipc_channel_win.cc, line 345
[Child 13764] WARNING: pipe error: 109: file c:/builds/moz2_slave/m-rel-w32-00000000000000000000/build/src/ipc/chromium/src/chrome/common/ipc_channel_win.cc, line 345
1492159315453	geckodriver	INFO	Listening on 127.0.0.1:18882
1492159317259	mozprofile::profile	INFO	Using profile path C:\Users\huke\AppData\Local\Temp\rust_mozprofile.VVdGUVzPYp19
1492159317264	geckodriver::marionette	INFO	Starting browser C:\Program Files (x86)\Mozilla Firefox\firefox.exe with args []
1492159317412	geckodriver::marionette	INFO	Connecting to Marionette on localhost:18888
1492159320151	Marionette	INFO	Listening on port 18888
1492159321319	Marionette	WARN	TLS certificate errors will be ignored for this session
[Child 10580] WARNING: pipe error: 109: file c:/builds/moz2_slave/m-rel-w32-00000000000000000000/build/src/ipc/chromium/src/chrome/common/ipc_channel_win.cc, line 345
[Child 10580] WARNING: pipe error: 109: file c:/builds/moz2_slave/m-rel-w32-00000000000000000000/build/src/ipc/chromium/src/chrome/common/ipc_channel_win.cc, line 345
